You,System;
山に行こう,もう一つ大事な点を指摘する。隠れた無報酬労働の強制だ。
「休む代わりに働く人を探さなかったペナルティー」と店側が述べているということは、「代わりに働く人を探す」という無報酬労働を本件以外に山ほどさせてたはず。
セブンはバイト病欠へのカツアゲだけでなく、強制労働にも説明責任がある。
そういえば、富士山の麓からなんのあてもなく東京に出て来て20年。冷静に考えると、自分のブランドが世界中で売れたり、店を持ったり、テレビに出れたり、世界のメディアに載ったり、炎上したり、20年前には想像もしてなかった。本当に人生って面白いなあ。;
どこに住んでる？,どこをするにしても山越え必須だからね;
山越え？,峠をするにしても山越え必須だからね;
どこの峠？,どこをするにしても山越え必須だからね;
田舎？,のどか田舎た;
のどかだなー,のどかな夜が訪れますように😊;;
あざっす,それに関しては詳しくないです。今度勉強します。;
ありがとう,それに関しては詳しくないです。今度勉強します。;
もう夜だな,夜から何も食べてないと死にそう;
悲しいね,それに関しては詳しくないです。今度勉強します。;
語彙力が問題だな,語彙おかし書記言語ない！？;
その発言が問題,コメントはちょっと暖かいみたいだよー😉;
厳しく指導するぞ,指導さえすれ指導者強い気がしなくもない;
だめだこりゃ,猫踏んじゃったはちょっと暖かいみたいだよー😉;
猫に謝れ,どうした猫よ(じぃ);
爺,しかもハサンさん……！髑髏の仮面がすげえイカしてるぜ！髑髏の暗殺者か……！もしかしたら……山の爺ちゃんと気が合うかもしれないよな……！よーし、ロマンにかけあって、一緒の部屋にしてもらえるよう俺が掛け合ってやる！爺ちゃんと仲良くしてやってくれよな！ハサンさん！ 
そういえば、ジャニアイ1/24 中村海人 トニトニからの挨拶前、ようやっと阿部くんにタッチしてもらえる…と思いきやガバッとハグされるうみんちゅさん。阿部くんさりし後、そんなうみさんをよかったね！って拡輝がハグして、その上から如恵留がハグしてて、ここもまた平和の極み…;
