You,System;
元気ですか？,おはようございます！！

昨日はテアトル番町観てくださいましたか？僕はまだ観れてないのですが ばっちり録画してあります！ コントって本当に難しいです笑

今日も早いですが元気にいってきます！(^｡^)
そういえば、ちょっとよくわからないな。;
仕事は何をしているの？,例のジャンパーの件で「命がけで戦っている市職員」なんて擁護している輩がいるけど、本当に命がけなら、あんなジャンパー着れるわけないだろ。お前ら、ヤクザの事務所の前で「ヤクザはカスである」なんてジャンパー着て仕事できんの？ 相手を舐めてなきゃ、あんなの着れるわけないだろ。
そういえば、ちょっとよくわからないな。;
市職員に不満があるんだね。,だから、とりあえずこの職員たちの話も聞いてみたいところではある。
生活保護行政の場が「質の低い職員の姥捨て山」になっていたりはしないか？
2007年の切り付け事件があった時、市はその職員のケアを行っただろうか？
そのあたりを深く掘り下げるルポライターはいないのだろうか。
そういえば、ちょっとよくわからないな。;
生活保護について、どう思う？,@i_tkst AERA記者。日本の犯罪発生率をご存じないのだろうか？
全国トップの大阪府であっても2%ちょい。最下位秋田に至っては0.5%程度である。
生活保護不正受給はわずか3％って、犯罪の温床そのものではないか。
憎むべきは不正・犯罪であり、正そうとする姿勢・空気ではない。
そういえば、生活保護受給世帯 ３か月連続で過去最多を更新 | NHKニュース   https://t.co/v1K7pyrJVX

これでも日本の生活保護受給の捕捉率はかなり低いのです。
https://t.co/6qTp6MJ3gI;
なるほど。不正は良くないね。,生活保護の不正受給者はカス、
確かにそうだよなぁ。
不正受給撲滅に向けた言葉、
何が問題なのだろうか？
 NHK テレビ朝日 TBS
そういえば、【大好きなユーリ!!!onICEに抱く愛しさと悲しさと】 https://t.co/GrKSuO9NgX YOI公式のデザイン無断盗用(トレパク)疑惑のことでモヤモヤを抱える一ファンによる自己満足文章。補足あればリプライに付け足します。嬉々とYOIに貢ぎたい人生だった。;
ユーリって何？,今日は12時に秋葉原駅に待ち合わせでいいよね？遅刻したらお仕置きだから、ちゃんと来なよ。ユーリ
そういえば、ちょっとよくわからないな。;
秋葉原駅に行くの？,秋葉原駅の柱に寄りかかってスマホいじってたら、その柱の周囲が何処かのオタクのオフ会の集合場所になっていたらしく幹事らしきオタクに「◯◯(知らないオタクのHN)さんですか？」って聞かれてゲラゲラ笑い転げてる(マジでビビった)
そういえば、ちょっとよくわからないな。;
オタクについてどう思う？,人の優しさに飢えた悲しいオタクだから居酒屋で1人で酔っ払って壁にめっちゃ頭ぶっけて近くにいた知らんサンオツに「大丈夫？！」って聞かれて号泣しそうになった でも酔っ払ってたからだと思う シラフだったらうるせえつって殺した(何の話だ？)
そういえば、ちょっとよくわからないな。;
わからんことばっかやな。居酒屋行くの？,あんまり話さないともだちに
AKBすきなの？？？って
聞かれてよく考えた結果、
「好きとか嫌いっていうか…もう、生活の一部だから、よくわからん」
ってなんか気持ち悪い答え方してしまった
そういえば、ちょっとよくわからないな。;
そうか。AKB好き？,