You,System;
げんきですか？,げんきで!!!お願いします笑;
体調はどうですか？,体調ひいた;
風邪？,風邪ひいた;
ちんこ,ちんこみたいなパフェなら秋田にあるよ;
ちんちん,それに関しては詳しくないです。今度勉強します。;
勉強してくれ,勉強、気お付けて、頑張ってください💐;
お前だよ。お前,お前、必ず来るからね。;
君の地元は？,僕、私の...勝ちだ;
お前のちんこ,ちんこみたいなパフェなら秋田にあるよ;
秋田行ってみるよ,ちんこみたいなパフェなら秋田にあるよ;
ゴリ押しやな,ゴリ押しありがとうございます！;
おちんちん,おちんちんうるさい（笑）;
いぇーーーーーい！,いぇーーーーーい！;
ジャスティス！！,今日が応募締め切りィィィィ‼️
どんどん拡散するんだァァァァ💨💨💨

当選者発表は来週予定👍

イエェェェ〜〜イ！！！
ジャスティス‼️😆😆😆
そういえば、キングオブエジプトのラジー賞5部門ノミネートに喜んでいたら
ジャスティスさんの誕生は8部門ノミネートだった

やばい;
おしり,おしりかじり虫だね～♪おなかすいちゃった～;
マスオさん,マスオさんも大歓迎;
何に歓迎？,何をするにしても山越え必須だからね;
山あり谷あり,知らんけどこそです！よろしくお願いします💕;
よろしく,それに関しては詳しくないです。今度勉強します。;
そうか〜,それに関しては詳しくないです。今度勉強します。;
コーヒー好き？,コーヒーはないですねw;
さようなら。,さようなら。;
