You,System;
元気ですか？,横浜元気ですか?
What’s going on Yokohama?
If you’re at the show tweet us your section, row &amp; seat with 
そういえば、さてさて、皆様お久しぶりです！お元気でしたか？
俺はですねぇ、ノロウィルスにかかったりでボロボロでした(´･ω･`)とほほ
でも逆にね！ここで体調崩したらあとは上がるだけだから！！！！！ポジティブ！！！！！(ポジティブ？)

そんな感じで元気にしてまーす( ^ω^ )本当だよ！;
それならよかった。明日の予定は？,みんなの心にも呼びかけられたし僕はそろそろおやすみするよ(:3_ヽ)_
 
みんなの心は広くてすごく居心地よかったよ(｡•̀ᴗ-)و ̑̑
 
ふふふ明日が楽しみだ(*´ч`*)
 
それでは皆さん！おやすみございました(:3[____]
そういえば、あまり詳しくない。;
特に用はないのか。学校はある？,それに関しては詳しくないです。今度勉強します。;
そうですか。趣味は？,僕の意図が伝わってない人が多くいるみたいなので簡潔に書きます。

"Nissyを観に来たんじゃなくてチヤホヤされるために来てるって思われるのが嫌だから現地はやめます！！！！！"

別に病んでません！笑 ツイッターは続けます！笑 撮影地巡りも趣味なので続けます！笑 コスもします！笑
そういえば、遅くなりましたが、本日はご来場ありがとうございました！！

大阪初日無事に終えました。
終わってから流星隊でご飯してました！

明日は大切なあの方の誕生日です。
皆さんよろしくッス(๑˃̵ᴗ˂̵);
お、おうよろしく。映画好きか？,みんなの心にも呼びかけられたし僕はそろそろおやすみするよ(:3_ヽ)_
 
みんなの心は広くてすごく居心地よかったよ(｡•̀ᴗ-)و ̑̑
 
ふふふ明日が楽しみだ(*´ч`*)
 
それでは皆さん！おやすみございました(:3[____]
そういえば、前にも似たようなことを呟きましたが。
アニメ映画だから「オタクに乗っ取られた」とか、「映画史上の名作」なる者で鑑賞者の感性を計ろうとしたりとか。
「こんな人」が映画監督やら映画雑誌やらを「やってられる」現状こそ「日本映画の衰退」の象徴であり、「復興」を阻害してるのでしょう。;
映画にはこだわりがあるんですね。最近見た映画はのタイトルは？,彼女と映画館でバイオハザードを観てきました。シリーズで一番怖かったです。彼女なんか面白かったとか、また観たいとか、何か強がりみたいなことを言ってましたが、上映中は何回か悲鳴を上げたり（僕が）、目を手で覆って見えないようにしたり（僕が）、腕にしがみ付いたりしてましたからね（僕が）。
そういえば、あまり詳しくない。;
詳しくないんかい。彼女居たのですね。美人？誰に似てる？,リプうれしいんだよ〜いつも〜ひとりだからさ〜ひなのついーとにかえしてくれると〜ひとりじゃない感あるじゃん〜べつにそんなさみしいってわけでも〜あるけどさ〜
そういえば、そもそも私は「短所を直せば良くなる」という発想が怪しいと思ってて、短所を直した時、それと対になる長所も人知れず消滅してるものだと思う。下手に短所をつぶしてった結果、毒にも薬にもならない役立たずに仕上がるなんてザラにある。日本の短所である長時間残業も、そう簡単に撲滅できないよ。;
おっと、なにを言ってるかよくわからないぞ。君の彼女は美人？誰に似てる？,また久々外でてみたら  なにまた寒さこの

おかしいね

みなさん風邪ひかないように


そういえば、四六時中曲を作ってる。うまくいかない日は何が良いのか、自分が何をやりたいのかわからなくなって沈んで。でもある日ふと良い曲が出来るとそんな気持ちも嘘みたいに一瞬でその音に救われて。その音が愛しくて。ずっとそんな感じで。
だけど今足りないのは、自分を認めてあげる勇気。少しの自信。;
教えてくれんわけね。作曲が趣味？ジャンルは？,さあ、夏に変更したTwitterのアイコン(長岡花火のときの浴衣🎆)。秋になってもそのままだろうな〜とか言ってたけどほんとにそのままでついに年越した。。。季節感。。。というわけで、変更します！！サムネイル発売を記念して、変更します！！どろん🍃
そういえば、そもそも私は「短所を直せば良くなる」という発想が怪しいと思ってて、短所を直した時、それと対になる長所も人知れず消滅してるものだと思う。下手に短所をつぶしてった結果、毒にも薬にもならない役立たずに仕上がるなんてザラにある。日本の短所である長時間残業も、そう簡単に撲滅できないよ。;
どんな曲を作ってる？,BJ、反響があって本当に嬉しいです。自分でも思い入れのある曲なので！
ありがとうございます。
そういえば、オシャレなカフェって、よく最新の洋楽ヒット曲のアレンジ違いとか、リミックスみたいなのが流れてるけど、あれは一体どういう流れで誰が作っているのだろう。;
BJ？,本日発売、関ジャニ∞のnew sg「なぐりガキBEAT」に、作詞・作曲させていただいた「BJ」が収録されています。新録、かつ編曲は錦戸くん。僕もまだ聴けていないのですが、楽しみです。
そういえば、オシャレなカフェって、よく最新の洋楽ヒット曲のアレンジ違いとか、リミックスみたいなのが流れてるけど、あれは一体どういう流れで誰が作っているのだろう。;
関ジャニの曲か。それ盗作やん。,【週刊ザテレビジョン2/3号】関ジャニ∞裏話⑩。一通りの質問が終わった後もギリギリまでライターさんの前に座ってじっくり話してくださっていた丸山さん。「沢山話して下さってありがとうございました」とのスタッフのお礼に「何でそんなこと言うの？楽しかったよ！」と満面スマイル！
そういえば、おはよう！本日の告知。浪川大輔さんの4thシングル『My Treasure』が本日発売！ラブソングとなるリード曲をはじめアプローチの異なるバラエティーに富んだ楽曲が収録されております。MVも合わせてお楽しみ下さい。 ;
浪川大輔さんは知ってる,♪KENN♪
ニコニコ生放送
『浪川大輔・KENN・岡本信彦 めいこいラヂオ 浪漫 de ナイト』
このあと22時からはじまります！
よろしくお願い致します！！
けんぬ
そういえば、あまり詳しくない。;
了解。見ておきます。おすすめですよ。,それに関しては詳しくないです。今度勉強します。;
了解。好きな声優はだれ？,それに関しては詳しくないです。今度勉強します。;
声優知らないの？,藍井エイルが無期限活動停止、川田まみ引退、Ray引退、アニソン歌手はもう駄目なのか。よく考えたらＯＰＥＤって声優がユニット組んだりソロデビューしたりするのばっかりだもんな　
アニソン歌手の居場所は無くなっているんだな………
そういえば、【予告】2月15日(水)発売予定の「声優MEN」特別編集号は、福山潤さんのほか、柿原徹也さん、岡本信彦さんがロンググラビア&amp;インタビューで登場予定。ぜひ、注目してください！
;
隠れオタクですか？詳しいやん,家で隠れオタクしてると「なんだい、何か来たね」て湯婆みたいに家族の近づいてくる足音に敏感になるの
そういえば、あまり詳しくない。;
バレてるで。ジブリも詳しいのか。,透が今カントリーロードを流して上機嫌で歌いながら運転してる。ジブリ縛りらしい。ここからの帰り道、ジブリしか流れないらしい。なる程そういうことなら久下も本気でジブリを歌う。
そういえば、前にも似たようなことを呟きましたが。
アニメ映画だから「オタクに乗っ取られた」とか、「映画史上の名作」なる者で鑑賞者の感性を計ろうとしたりとか。
「こんな人」が映画監督やら映画雑誌やらを「やってられる」現状こそ「日本映画の衰退」の象徴であり、「復興」を阻害してるのでしょう。;
そうですね。,;
